Arguments: 
  /usr/local/bin/node /usr/share/yarn/bin/yarn.js start

PATH: 
  /home/eksapsy/bin:/home/eksapsy/.local/bin:/usr/local/sbin:/usr/local/bin:/usr/sbin:/usr/bin:/sbin:/bin:/usr/games:/usr/local/games:/snap/bin:/home/eksapsy/.npm-global/bin/

Yarn version: 
  1.5.1

Node version: 
  9.6.1

Platform: 
  linux x64

npm manifest: 
  {
    "name": "server",
    "version": "1.0.0",
    "main": "index.js",
    "license": "MIT",
    "private": true,
    "scripts": {
      "start": "node index.js"
    }
  }

yarn manifest: 
  No manifest

Lockfile: 
  No lockfile

Trace: 
  Error: Command failed.
  Exit code: 1
  Command: sh
  Arguments: -c node index.js
  Directory: /home/eksapsy/Desktop/JavaScript/NodeJS/ApothikiGermanos/server
  Output:
  
      at ProcessTermError.MessageError (/usr/share/yarn/lib/cli.js:186:110)
      at new ProcessTermError (/usr/share/yarn/lib/cli.js:226:113)
      at ChildProcess.<anonymous> (/usr/share/yarn/lib/cli.js:30281:17)
      at ChildProcess.emit (events.js:127:13)
      at maybeClose (internal/child_process.js:933:16)
      at Process.ChildProcess._handle.onexit (internal/child_process.js:220:5)
